<?xml version="1.0" encoding="UTF-8"?>
<testng-results skipped="0" failed="0" ignored="0" total="2" passed="2">
  <reporter-output>
    <line>
      <![CDATA[*********Log In Completed***********]]>
    </line>
    <line>
      <![CDATA[=============LogOut Completed===========]]>
    </line>
    <line>
      <![CDATA[=======URL Matched==========]]>
    </line>
  </reporter-output>
  <suite name="Default suite" duration-ms="23706" started-at="2018-03-08T07:43:56Z" finished-at="2018-03-08T07:44:19Z">
    <groups>
    </groups>
    <test name="Default test" duration-ms="23706" started-at="2018-03-08T07:43:56Z" finished-at="2018-03-08T07:44:19Z">
      <class name="com.crm.LoginTest.Login">
        <test-method status="PASS" signature="launchSetUp()[pri:0, instance:com.crm.LoginTest.Login@2781e022]" name="launchSetUp" is-config="true" duration-ms="8338" started-at="2018-03-08T07:43:56Z" finished-at="2018-03-08T07:44:04Z">
          <reporter-output>
          </reporter-output>
        </test-method> <!-- launchSetUp -->
        <test-method status="PASS" signature="loginTest()[pri:1, instance:com.crm.LoginTest.Login@2781e022]" name="loginTest" duration-ms="14544" started-at="2018-03-08T07:44:04Z" finished-at="2018-03-08T07:44:18Z">
          <reporter-output>
            <line>
              <![CDATA[*********Log In Completed***********]]>
            </line>
            <line>
              <![CDATA[=============LogOut Completed===========]]>
            </line>
          </reporter-output>
        </test-method> <!-- loginTest -->
        <test-method status="PASS" signature="verifyURL()[pri:2, instance:com.crm.LoginTest.Login@2781e022]" name="verifyURL" duration-ms="11" started-at="2018-03-08T07:44:18Z" depends-on-methods="com.crm.LoginTest.Login.loginTest" finished-at="2018-03-08T07:44:18Z">
          <reporter-output>
            <line>
              <![CDATA[=======URL Matched==========]]>
            </line>
          </reporter-output>
        </test-method> <!-- verifyURL -->
        <test-method status="PASS" signature="closeBrowser()[pri:0, instance:com.crm.LoginTest.Login@2781e022]" name="closeBrowser" is-config="true" duration-ms="794" started-at="2018-03-08T07:44:18Z" finished-at="2018-03-08T07:44:19Z">
          <reporter-output>
          </reporter-output>
        </test-method> <!-- closeBrowser -->
      </class> <!-- com.crm.LoginTest.Login -->
    </test> <!-- Default test -->
  </suite> <!-- Default suite -->
</testng-results>
